2015-03-07T12:34:24.736413+00:00 heroku[router]: at=info method=GET path="/" host=lit-oasis-5286.herokuapp.com request_id=d3dbac17-1f40-4441-8624-1eb8e4661090 fwd="88.135.80.2" dyno=web.1 connect=1ms service=14ms status=500 bytes=1754
2015-03-07T12:34:24.726163+00:00 app[web.1]:   * "/app/app/views"
2015-03-07T12:34:24.726164+00:00 app[web.1]: ):
2015-03-07T12:34:24.720516+00:00 app[web.1]: Started GET "/" for 88.135.80.2 at 2015-03-07 12:34:24 +0000
2015-03-07T12:34:24.726161+00:00 app[web.1]: ActionView::Template::Error (Missing partial layouts/_shim with {:locale=>[:en], :formats=>[:html], :variants=>[], :handlers=>[:erb, :builder, :raw, :ruby, :coffee, :jbuilder]}. Searched in:
2015-03-07T12:34:24.723355+00:00 app[web.1]:   Rendered static_pages/home.html.erb within layouts/application (0.3ms)
2015-03-07T12:34:24.726166+00:00 app[web.1]:      6:                                               'data-turbolinks-track' => true %>
2015-03-07T12:34:24.726171+00:00 app[web.1]:      9:  <%= render 'layouts/shim' %>
2015-03-07T12:34:24.726176+00:00 app[web.1]:     12: <%= render 'layouts/header' %>
2015-03-07T12:34:24.726158+00:00 app[web.1]: 
2015-03-07T12:34:24.726173+00:00 app[web.1]:     10:   </head>
2015-03-07T12:34:24.726179+00:00 app[web.1]: 
2015-03-07T12:34:24.726170+00:00 app[web.1]:      8:     <%= csrf_meta_tags %>
2015-03-07T12:34:24.726180+00:00 app[web.1]: 
2015-03-07T12:34:24.726174+00:00 app[web.1]:     11:   <body>
2015-03-07T12:34:24.726168+00:00 app[web.1]:      7:     <%= javascript_include_tag 'application', 'data-turbolinks-track' => true %>
2015-03-07T12:34:24.726178+00:00 app[web.1]:   app/views/layouts/application.html.erb:9:in `_app_views_layouts_application_html_erb__4459050713883721115_70078010927780'
2015-03-07T12:34:24.722198+00:00 app[web.1]: Processing by StaticPagesController#home as HTML
2015-03-07T12:34:24.724733+00:00 app[web.1]: Completed 500 Internal Server Error in 2ms
2015-03-07T12:41:38.317785+00:00 heroku[api]: Starting process with command `bundle exec rake test` by hiroaritillwhen@gmail.com
2015-03-07T12:41:42.549564+00:00 heroku[run.6208]: Awaiting client
2015-03-07T12:41:42.611914+00:00 heroku[run.6208]: Starting process with command `bundle exec rake test`
2015-03-07T12:41:42.890095+00:00 heroku[run.6208]: State changed from starting to up
2015-03-07T12:41:48.915459+00:00 heroku[run.6208]: Process exited with status 1
2015-03-07T12:41:48.922529+00:00 heroku[run.6208]: State changed from up to complete
2015-03-07T12:43:13.440183+00:00 heroku[api]: Starting process with command `bundle exec rake db:migrate` by hiroaritillwhen@gmail.com
2015-03-07T12:43:17.697945+00:00 heroku[run.5118]: Starting process with command `bundle exec rake db:migrate`
2015-03-07T12:43:17.640223+00:00 heroku[run.5118]: Awaiting client
2015-03-07T12:43:17.844713+00:00 heroku[run.5118]: State changed from starting to up
2015-03-07T12:43:22.539845+00:00 heroku[run.5118]: Process exited with status 0
2015-03-07T12:43:22.553985+00:00 heroku[run.5118]: State changed from up to complete
2015-03-07T12:44:16.880697+00:00 heroku[router]: at=info method=GET path="/" host=lit-oasis-5286.herokuapp.com request_id=27b31c65-8b81-448d-98eb-7b273d03482d fwd="88.135.80.2" dyno=web.1 connect=1ms service=18ms status=500 bytes=1754
2015-03-07T12:44:16.870666+00:00 app[web.1]:      7:     <%= javascript_include_tag 'application', 'data-turbolinks-track' => true %>
2015-03-07T12:44:16.870669+00:00 app[web.1]:      8:     <%= csrf_meta_tags %>
2015-03-07T12:44:16.870659+00:00 app[web.1]: ActionView::Template::Error (Missing partial layouts/_shim with {:locale=>[:en], :formats=>[:html], :variants=>[], :handlers=>[:erb, :builder, :raw, :ruby, :coffee, :jbuilder]}. Searched in:
2015-03-07T12:44:16.864790+00:00 app[web.1]: Started GET "/" for 88.135.80.2 at 2015-03-07 12:44:16 +0000
2015-03-07T12:44:16.870670+00:00 app[web.1]:      9:  <%= render 'layouts/shim' %>
2015-03-07T12:44:16.870672+00:00 app[web.1]:     10:   </head>
2015-03-07T12:44:16.870677+00:00 app[web.1]:   app/views/layouts/application.html.erb:9:in `_app_views_layouts_application_html_erb__4459050713883721115_70078010927780'
2015-03-07T12:44:16.870679+00:00 app[web.1]: 
2015-03-07T12:44:16.870675+00:00 app[web.1]:     12: <%= render 'layouts/header' %>
2015-03-07T12:44:16.867348+00:00 app[web.1]:   Rendered static_pages/home.html.erb within layouts/application (0.2ms)
2015-03-07T12:44:16.870661+00:00 app[web.1]:   * "/app/app/views"
2015-03-07T12:44:16.870656+00:00 app[web.1]: 
2015-03-07T12:44:16.870674+00:00 app[web.1]:     11:   <body>
2015-03-07T12:44:16.870663+00:00 app[web.1]: ):
2015-03-07T12:44:16.870664+00:00 app[web.1]:      6:                                               'data-turbolinks-track' => true %>
2015-03-07T12:44:16.870680+00:00 app[web.1]: 
2015-03-07T12:44:16.866475+00:00 app[web.1]: Processing by StaticPagesController#home as HTML
2015-03-07T12:44:16.868988+00:00 app[web.1]: Completed 500 Internal Server Error in 2ms
2015-03-07T12:56:12.223739+00:00 heroku[api]: Deploy 405bd6a by hiroaritillwhen@gmail.com
2015-03-07T12:56:12.223793+00:00 heroku[api]: Release v7 created by hiroaritillwhen@gmail.com
2015-03-07T12:56:12.508679+00:00 heroku[web.1]: State changed from up to starting
2015-03-07T12:56:15.519890+00:00 heroku[web.1]: Stopping all processes with SIGTERM
2015-03-07T12:56:15.597406+00:00 heroku[web.1]: Starting process with command `bin/rails server -p 12012 -e production`
2015-03-07T12:56:16.329694+00:00 app[web.1]: [2015-03-07 12:56:16] FATAL SignalException: SIGTERM
2015-03-07T12:56:16.329701+00:00 app[web.1]: 	/app/vendor/ruby-2.0.0/lib/ruby/2.0.0/webrick/server.rb:170:in `block in start'
2015-03-07T12:56:16.329698+00:00 app[web.1]: 	/app/vendor/ruby-2.0.0/lib/ruby/2.0.0/webrick/server.rb:170:in `select'
2015-03-07T12:56:16.329702+00:00 app[web.1]: 	/app/vendor/ruby-2.0.0/lib/ruby/2.0.0/webrick/server.rb:32:in `start'
2015-03-07T12:56:16.329704+00:00 app[web.1]: 	/app/vendor/ruby-2.0.0/lib/ruby/2.0.0/webrick/server.rb:160:in `start'
2015-03-07T12:56:16.329706+00:00 app[web.1]: 	/app/vendor/bundle/ruby/2.0.0/gems/rack-1.6.0/lib/rack/handler/webrick.rb:35:in `run'
2015-03-07T12:56:16.329709+00:00 app[web.1]: 	/app/vendor/bundle/ruby/2.0.0/gems/railties-4.2.0/lib/rails/commands/server.rb:80:in `start'
2015-03-07T12:56:16.329713+00:00 app[web.1]: 	/app/vendor/bundle/ruby/2.0.0/gems/railties-4.2.0/lib/rails/commands/commands_tasks.rb:75:in `tap'
2015-03-07T12:56:16.329714+00:00 app[web.1]: 	/app/vendor/bundle/ruby/2.0.0/gems/railties-4.2.0/lib/rails/commands/commands_tasks.rb:75:in `server'
2015-03-07T12:56:16.329716+00:00 app[web.1]: 	/app/vendor/bundle/ruby/2.0.0/gems/railties-4.2.0/lib/rails/commands/commands_tasks.rb:39:in `run_command!'
2015-03-07T12:56:16.329718+00:00 app[web.1]: 	/app/vendor/bundle/ruby/2.0.0/gems/railties-4.2.0/lib/rails/commands.rb:17:in `<top (required)>'
2015-03-07T12:56:16.329719+00:00 app[web.1]: 	bin/rails:4:in `require'
2015-03-07T12:56:16.329711+00:00 app[web.1]: 	/app/vendor/bundle/ruby/2.0.0/gems/railties-4.2.0/lib/rails/commands/commands_tasks.rb:80:in `block in server'
2015-03-07T12:56:16.329708+00:00 app[web.1]: 	/app/vendor/bundle/ruby/2.0.0/gems/rack-1.6.0/lib/rack/server.rb:286:in `start'
2015-03-07T12:56:16.329721+00:00 app[web.1]: 	bin/rails:4:in `<main>'
2015-03-07T12:56:16.329850+00:00 app[web.1]: Exiting
2015-03-07T12:56:16.329771+00:00 app[web.1]: [2015-03-07 12:56:16] INFO  going to shutdown ...
2015-03-07T12:56:16.329817+00:00 app[web.1]: [2015-03-07 12:56:16] INFO  WEBrick::HTTPServer#start done.
2015-03-07T12:56:17.160073+00:00 heroku[web.1]: Process exited with status 143
2015-03-07T12:56:19.262729+00:00 app[web.1]: [2015-03-07 12:56:19] INFO  WEBrick::HTTPServer#start: pid=3 port=12012
2015-03-07T12:56:19.262312+00:00 app[web.1]: [2015-03-07 12:56:19] INFO  ruby 2.0.0 (2014-11-13) [x86_64-linux]
2015-03-07T12:56:19.262288+00:00 app[web.1]: [2015-03-07 12:56:19] INFO  WEBrick 1.3.1
2015-03-07T12:56:19.373545+00:00 heroku[web.1]: State changed from starting to up
2015-03-07T12:56:35.679080+00:00 heroku[router]: at=info method=GET path="/" host=lit-oasis-5286.herokuapp.com request_id=958fc113-c61f-47ac-9d70-e599198e811c fwd="88.135.80.2" dyno=web.1 connect=1ms service=77ms status=500 bytes=1754
2015-03-07T12:56:35.604547+00:00 app[web.1]: => Booting WEBrick
2015-03-07T12:56:35.604552+00:00 app[web.1]: => Rails 4.2.0 application starting in production on http://0.0.0.0:12012
2015-03-07T12:56:35.658165+00:00 app[web.1]: Processing by StaticPagesController#home as HTML
2015-03-07T12:56:35.604554+00:00 app[web.1]: => Run `rails server -h` for more startup options
2015-03-07T12:56:35.604556+00:00 app[web.1]: => Ctrl-C to shutdown server
2015-03-07T12:56:35.674840+00:00 app[web.1]: Completed 500 Internal Server Error in 17ms
2015-03-07T12:56:35.604557+00:00 app[web.1]: Started GET "/" for 88.135.80.2 at 2015-03-07 12:56:35 +0000
2015-03-07T12:56:35.671640+00:00 app[web.1]:   Rendered static_pages/home.html.erb within layouts/application (1.0ms)
2015-03-07T12:56:35.676303+00:00 app[web.1]: 
2015-03-07T12:56:35.676308+00:00 app[web.1]:   * "/app/app/views"
2015-03-07T12:56:35.676310+00:00 app[web.1]: ):
2015-03-07T12:56:35.676311+00:00 app[web.1]:      8:     <%= csrf_meta_tags %>
2015-03-07T12:56:35.676315+00:00 app[web.1]:     10:   <body>
2015-03-07T12:56:35.676316+00:00 app[web.1]:     11: <%= render 'layouts/header' %>
2015-03-07T12:56:35.676306+00:00 app[web.1]: ActionView::Template::Error (Missing partial layouts/_header with {:locale=>[:en], :formats=>[:html], :variants=>[], :handlers=>[:erb, :builder, :raw, :ruby, :coffee, :jbuilder]}. Searched in:
2015-03-07T12:56:35.676318+00:00 app[web.1]:     12:   <div class="container">
2015-03-07T12:56:35.676320+00:00 app[web.1]:     13:     <%= yield %>
2015-03-07T12:56:35.676313+00:00 app[web.1]:      9:   </head>
2015-03-07T12:56:35.676321+00:00 app[web.1]:     14:     <%= render 'layouts/footer' %>
2015-03-07T12:56:35.676323+00:00 app[web.1]:   app/views/layouts/application.html.erb:11:in `_app_views_layouts_application_html_erb__3858121739911916619_70121268902880'
2015-03-07T12:56:35.676326+00:00 app[web.1]: 
2015-03-07T12:56:35.676324+00:00 app[web.1]: 
